<?xml version="1.0" encoding="UTF-8"?>
<!-- Generated by org.testng.reporters.JUnitReportReporter -->
<testsuite hostname="Tulasikumar" failures="0" tests="3" name="maven.Demo" time="0.030" errors="0" timestamp="2023-02-06T12:56:15 IST" skipped="0">
  <testcase classname="maven.Demo" name="testregistration" time="0.010"/>
  <system-out/>
  <testcase classname="maven.Demo" name="testlogin" time="0.006"/>
  <system-out/>
  <testcase classname="maven.Demo" name="testhomepage" time="0.014"/>
  <system-out/>
</testsuite> <!-- maven.Demo -->
