<?xml version="1.0" encoding="UTF-8"?>
<!-- Generated by org.testng.reporters.JUnitReportReporter -->
<testsuite hostname="Tulasikumar" failures="0" tests="1" name="maven.edge" time="10.991" errors="0" timestamp="2023-04-19T17:33:51 IST" skipped="0">
  <testcase classname="maven.edge" name="run" time="10.991"/>
  <system-out/>
</testsuite> <!-- maven.edge -->
